{"name": "User can open User Guide page", "status": "broken", "statusDetails": {"message": "selenium.common.exceptions.NoSuchElementException: Message: no such element: Unable to locate element: {\"method\":\"xpath\",\"selector\":\"//a[@class='menu-button-block' and contains(text(), 'Settings')]\"}\n  (Session info: chrome=132.0.6834.160); For documentation on this error, please visit: https://www.selenium.dev/documentation/webdriver/troubleshooting/errors#no-such-element-exception\nStacktrace:\n\tGetHandleVerifier [0x00E574A3+25091]\n\t(No symbol) [0x00DDDC04]\n\t(No symbol) [0x00CBB373]\n\t(No symbol) [0x00CFF4DC]\n\t(No symbol) [0x00CFF65B]\n\t(No symbol) [0x00D3D8E2]\n\t(No symbol) [0x00D21F54]\n\t(No symbol) [0x00D3B49E]\n\t(No symbol) [0x00D21CA6]\n\t(No symbol) [0x00CF31D5]\n\t(No symbol) [0x00CF435D]\n\tGetHandleVerifier [0x011507C3+3142947]\n\tGetHandleVerifier [0x01161A2B+3213195]\n\tGetHandleVerifier [0x0115C412+3191154]\n\tGetHandleVerifier [0x00EF8720+685184]\n\t(No symbol) [0x00DE6E1D]\n\t(No symbol) [0x00DE3E18]\n\t(No symbol) [0x00DE3FB6]\n\t(No symbol) [0x00DD66F0]\n\tBaseThreadInitThunk [0x75F47BA9+25]\n\tRtlInitializeExceptionChain [0x776AC0CB+107]\n\tRtlClearBits [0x776AC04F+191]\n\n", "trace": "  File \"C:\\Users\\dijae\\Downloads\\Internship-selenium-automation-main\\internship-selenium-automation-main\\venv\\Lib\\site-packages\\behave\\model.py\", line 1329, in run\n    match.run(runner.context)\n  File \"C:\\Users\\dijae\\Downloads\\Internship-selenium-automation-main\\internship-selenium-automation-main\\venv\\Lib\\site-packages\\behave\\matchers.py\", line 98, in run\n    self.func(context, *args, **kwargs)\n  File \"features\\steps\\user-guide-steps.py\", line 27, in step_impl\n    context.app.main_page.navigate_to_settings()  # Navigates to the settings page\n    ^^^^^^^^^^^^^^^^^^^^^^^^^^^^^^^^^^^^^^^^^^^^\n  File \"C:\\Users\\dijae\\Downloads\\Internship-selenium-automation-main\\internship-selenium-automation-main\\pages\\main_page.py\", line 31, in navigate_to_settings\n    settings_button = self.find_element(*self.SETTINGS_OPTION)\n                      ^^^^^^^^^^^^^^^^^^^^^^^^^^^^^^^^^^^^^^^^\n  File \"C:\\Users\\dijae\\Downloads\\Internship-selenium-automation-main\\internship-selenium-automation-main\\pages\\base_page.py\", line 15, in find_element\n    return self.driver.find_element(*locator)\n           ^^^^^^^^^^^^^^^^^^^^^^^^^^^^^^^^^^\n  File \"C:\\Users\\dijae\\Downloads\\Internship-selenium-automation-main\\internship-selenium-automation-main\\venv\\Lib\\site-packages\\selenium\\webdriver\\remote\\webdriver.py\", line 770, in find_element\n    return self.execute(Command.FIND_ELEMENT, {\"using\": by, \"value\": value})[\"value\"]\n           ^^^^^^^^^^^^^^^^^^^^^^^^^^^^^^^^^^^^^^^^^^^^^^^^^^^^^^^^^^^^^^^^^\n  File \"C:\\Users\\dijae\\Downloads\\Internship-selenium-automation-main\\internship-selenium-automation-main\\venv\\Lib\\site-packages\\selenium\\webdriver\\remote\\webdriver.py\", line 384, in execute\n    self.error_handler.check_response(response)\n  File \"C:\\Users\\dijae\\Downloads\\Internship-selenium-automation-main\\internship-selenium-automation-main\\venv\\Lib\\site-packages\\selenium\\webdriver\\remote\\errorhandler.py\", line 232, in check_response\n    raise exception_class(message, screen, stacktrace)\n"}, "steps": [{"name": "Given the user is on the main page \"https://soft.reelly.io\"", "status": "passed", "start": 1738553822708, "stop": 1738553825954}, {"name": "When the user logs in with the username \"binta.mballo29@gmail.com\" and password \"Bineta1994\"", "status": "passed", "start": 1738553825954, "stop": 1738553828925}, {"name": "And the user waits for the sidebar to be visible", "status": "passed", "start": 1738553828925, "stop": 1738553831194}, {"name": "And the user clicks on the settings option", "status": "broken", "statusDetails": {"message": "selenium.common.exceptions.NoSuchElementException: Message: no such element: Unable to locate element: {\"method\":\"xpath\",\"selector\":\"//a[@class='menu-button-block' and contains(text(), 'Settings')]\"}\n  (Session info: chrome=132.0.6834.160); For documentation on this error, please visit: https://www.selenium.dev/documentation/webdriver/troubleshooting/errors#no-such-element-exception\nStacktrace:\n\tGetHandleVerifier [0x00E574A3+25091]\n\t(No symbol) [0x00DDDC04]\n\t(No symbol) [0x00CBB373]\n\t(No symbol) [0x00CFF4DC]\n\t(No symbol) [0x00CFF65B]\n\t(No symbol) [0x00D3D8E2]\n\t(No symbol) [0x00D21F54]\n\t(No symbol) [0x00D3B49E]\n\t(No symbol) [0x00D21CA6]\n\t(No symbol) [0x00CF31D5]\n\t(No symbol) [0x00CF435D]\n\tGetHandleVerifier [0x011507C3+3142947]\n\tGetHandleVerifier [0x01161A2B+3213195]\n\tGetHandleVerifier [0x0115C412+3191154]\n\tGetHandleVerifier [0x00EF8720+685184]\n\t(No symbol) [0x00DE6E1D]\n\t(No symbol) [0x00DE3E18]\n\t(No symbol) [0x00DE3FB6]\n\t(No symbol) [0x00DD66F0]\n\tBaseThreadInitThunk [0x75F47BA9+25]\n\tRtlInitializeExceptionChain [0x776AC0CB+107]\n\tRtlClearBits [0x776AC04F+191]\n\n", "trace": "  File \"C:\\Users\\dijae\\Downloads\\Internship-selenium-automation-main\\internship-selenium-automation-main\\venv\\Lib\\site-packages\\behave\\model.py\", line 1329, in run\n    match.run(runner.context)\n  File \"C:\\Users\\dijae\\Downloads\\Internship-selenium-automation-main\\internship-selenium-automation-main\\venv\\Lib\\site-packages\\behave\\matchers.py\", line 98, in run\n    self.func(context, *args, **kwargs)\n  File \"features\\steps\\user-guide-steps.py\", line 27, in step_impl\n    context.app.main_page.navigate_to_settings()  # Navigates to the settings page\n    ^^^^^^^^^^^^^^^^^^^^^^^^^^^^^^^^^^^^^^^^^^^^\n  File \"C:\\Users\\dijae\\Downloads\\Internship-selenium-automation-main\\internship-selenium-automation-main\\pages\\main_page.py\", line 31, in navigate_to_settings\n    settings_button = self.find_element(*self.SETTINGS_OPTION)\n                      ^^^^^^^^^^^^^^^^^^^^^^^^^^^^^^^^^^^^^^^^\n  File \"C:\\Users\\dijae\\Downloads\\Internship-selenium-automation-main\\internship-selenium-automation-main\\pages\\base_page.py\", line 15, in find_element\n    return self.driver.find_element(*locator)\n           ^^^^^^^^^^^^^^^^^^^^^^^^^^^^^^^^^^\n  File \"C:\\Users\\dijae\\Downloads\\Internship-selenium-automation-main\\internship-selenium-automation-main\\venv\\Lib\\site-packages\\selenium\\webdriver\\remote\\webdriver.py\", line 770, in find_element\n    return self.execute(Command.FIND_ELEMENT, {\"using\": by, \"value\": value})[\"value\"]\n           ^^^^^^^^^^^^^^^^^^^^^^^^^^^^^^^^^^^^^^^^^^^^^^^^^^^^^^^^^^^^^^^^^\n  File \"C:\\Users\\dijae\\Downloads\\Internship-selenium-automation-main\\internship-selenium-automation-main\\venv\\Lib\\site-packages\\selenium\\webdriver\\remote\\webdriver.py\", line 384, in execute\n    self.error_handler.check_response(response)\n  File \"C:\\Users\\dijae\\Downloads\\Internship-selenium-automation-main\\internship-selenium-automation-main\\venv\\Lib\\site-packages\\selenium\\webdriver\\remote\\errorhandler.py\", line 232, in check_response\n    raise exception_class(message, screen, stacktrace)\n"}, "attachments": [{"name": "Failed Step: the user clicks on the settings option", "source": "a476f877-2101-4212-843e-dfddb7709520-attachment.png", "type": "image/png"}], "start": 1738553831194, "stop": 1738553836539}, {"name": "And the user clicks on the User Guide option", "status": "skipped", "start": 1738553842774, "stop": 1738553842774}, {"name": "Then the User Guide page opens with the title \"User guide\"", "status": "skipped", "start": 1738553842774, "stop": 1738553842774}, {"name": "And all lesson videos on the User Guide page contain titles", "status": "skipped", "start": 1738553842774, "stop": 1738553842774}], "attachments": [{"name": "Scenario Failure: User can open User Guide page", "source": "88892392-1ca1-440c-811d-8d56d4336165-attachment.png", "type": "image/png"}], "start": 1738553817831, "stop": 1738553842774, "uuid": "5f7a0445-2e32-410e-90d3-c2a4970bb6b6", "historyId": "381f2afd51179d13ec954729ab290d74", "fullName": "User Guide Page Navigation: User can open User Guide page", "labels": [{"name": "severity", "value": "normal"}, {"name": "feature", "value": "User Guide Page Navigation"}, {"name": "framework", "value": "behave"}, {"name": "language", "value": "cpython3"}]}