{"name": "User can open User Guide page", "status": "broken", "statusDetails": {"message": "selenium.common.exceptions.NoSuchElementException: Message: no such element: Unable to locate element: {\"method\":\"xpath\",\"selector\":\"//a[@class='menu-button-block' and contains(text(), 'Settings')]\"}\n  (Session info: chrome=132.0.6834.160); For documentation on this error, please visit: https://www.selenium.dev/documentation/webdriver/troubleshooting/errors#no-such-element-exception\nStacktrace:\n\tGetHandleVerifier [0x010174A3+25091]\n\t(No symbol) [0x00F9DC04]\n\t(No symbol) [0x00E7B373]\n\t(No symbol) [0x00EBF4DC]\n\t(No symbol) [0x00EBF65B]\n\t(No symbol) [0x00EFD8E2]\n\t(No symbol) [0x00EE1F54]\n\t(No symbol) [0x00EFB49E]\n\t(No symbol) [0x00EE1CA6]\n\t(No symbol) [0x00EB31D5]\n\t(No symbol) [0x00EB435D]\n\tGetHandleVerifier [0x013107C3+3142947]\n\tGetHandleVerifier [0x01321A2B+3213195]\n\tGetHandleVerifier [0x0131C412+3191154]\n\tGetHandleVerifier [0x010B8720+685184]\n\t(No symbol) [0x00FA6E1D]\n\t(No symbol) [0x00FA3E18]\n\t(No symbol) [0x00FA3FB6]\n\t(No symbol) [0x00F966F0]\n\tBaseThreadInitThunk [0x75F47BA9+25]\n\tRtlInitializeExceptionChain [0x776AC0CB+107]\n\tRtlClearBits [0x776AC04F+191]\n\n", "trace": "  File \"C:\\Users\\dijae\\Downloads\\Internship-selenium-automation-main\\internship-selenium-automation-main\\venv\\Lib\\site-packages\\behave\\model.py\", line 1329, in run\n    match.run(runner.context)\n  File \"C:\\Users\\dijae\\Downloads\\Internship-selenium-automation-main\\internship-selenium-automation-main\\venv\\Lib\\site-packages\\behave\\matchers.py\", line 98, in run\n    self.func(context, *args, **kwargs)\n  File \"features\\steps\\user-guide-steps.py\", line 27, in step_impl\n    context.app.main_page.navigate_to_settings()  # Navigates to the settings page\n    ^^^^^^^^^^^^^^^^^^^^^^^^^^^^^^^^^^^^^^^^^^^^\n  File \"C:\\Users\\dijae\\Downloads\\Internship-selenium-automation-main\\internship-selenium-automation-main\\pages\\main_page.py\", line 31, in navigate_to_settings\n    settings_button = self.find_element(*self.SETTINGS_OPTION)\n                      ^^^^^^^^^^^^^^^^^^^^^^^^^^^^^^^^^^^^^^^^\n  File \"C:\\Users\\dijae\\Downloads\\Internship-selenium-automation-main\\internship-selenium-automation-main\\pages\\base_page.py\", line 15, in find_element\n    return self.driver.find_element(*locator)\n           ^^^^^^^^^^^^^^^^^^^^^^^^^^^^^^^^^^\n  File \"C:\\Users\\dijae\\Downloads\\Internship-selenium-automation-main\\internship-selenium-automation-main\\venv\\Lib\\site-packages\\selenium\\webdriver\\remote\\webdriver.py\", line 770, in find_element\n    return self.execute(Command.FIND_ELEMENT, {\"using\": by, \"value\": value})[\"value\"]\n           ^^^^^^^^^^^^^^^^^^^^^^^^^^^^^^^^^^^^^^^^^^^^^^^^^^^^^^^^^^^^^^^^^\n  File \"C:\\Users\\dijae\\Downloads\\Internship-selenium-automation-main\\internship-selenium-automation-main\\venv\\Lib\\site-packages\\selenium\\webdriver\\remote\\webdriver.py\", line 384, in execute\n    self.error_handler.check_response(response)\n  File \"C:\\Users\\dijae\\Downloads\\Internship-selenium-automation-main\\internship-selenium-automation-main\\venv\\Lib\\site-packages\\selenium\\webdriver\\remote\\errorhandler.py\", line 232, in check_response\n    raise exception_class(message, screen, stacktrace)\n"}, "steps": [{"name": "Given the user is on the main page \"https://soft.reelly.io\"", "status": "passed", "start": 1738553353165, "stop": 1738553357597}, {"name": "When the user logs in with the username \"binta.mballo29@gmail.com\" and password \"Bineta1994\"", "status": "passed", "start": 1738553357597, "stop": 1738553360890}, {"name": "And the user waits for the sidebar to be visible", "status": "passed", "start": 1738553360890, "stop": 1738553365141}, {"name": "And the user clicks on the settings option", "status": "broken", "statusDetails": {"message": "selenium.common.exceptions.NoSuchElementException: Message: no such element: Unable to locate element: {\"method\":\"xpath\",\"selector\":\"//a[@class='menu-button-block' and contains(text(), 'Settings')]\"}\n  (Session info: chrome=132.0.6834.160); For documentation on this error, please visit: https://www.selenium.dev/documentation/webdriver/troubleshooting/errors#no-such-element-exception\nStacktrace:\n\tGetHandleVerifier [0x010174A3+25091]\n\t(No symbol) [0x00F9DC04]\n\t(No symbol) [0x00E7B373]\n\t(No symbol) [0x00EBF4DC]\n\t(No symbol) [0x00EBF65B]\n\t(No symbol) [0x00EFD8E2]\n\t(No symbol) [0x00EE1F54]\n\t(No symbol) [0x00EFB49E]\n\t(No symbol) [0x00EE1CA6]\n\t(No symbol) [0x00EB31D5]\n\t(No symbol) [0x00EB435D]\n\tGetHandleVerifier [0x013107C3+3142947]\n\tGetHandleVerifier [0x01321A2B+3213195]\n\tGetHandleVerifier [0x0131C412+3191154]\n\tGetHandleVerifier [0x010B8720+685184]\n\t(No symbol) [0x00FA6E1D]\n\t(No symbol) [0x00FA3E18]\n\t(No symbol) [0x00FA3FB6]\n\t(No symbol) [0x00F966F0]\n\tBaseThreadInitThunk [0x75F47BA9+25]\n\tRtlInitializeExceptionChain [0x776AC0CB+107]\n\tRtlClearBits [0x776AC04F+191]\n\n", "trace": "  File \"C:\\Users\\dijae\\Downloads\\Internship-selenium-automation-main\\internship-selenium-automation-main\\venv\\Lib\\site-packages\\behave\\model.py\", line 1329, in run\n    match.run(runner.context)\n  File \"C:\\Users\\dijae\\Downloads\\Internship-selenium-automation-main\\internship-selenium-automation-main\\venv\\Lib\\site-packages\\behave\\matchers.py\", line 98, in run\n    self.func(context, *args, **kwargs)\n  File \"features\\steps\\user-guide-steps.py\", line 27, in step_impl\n    context.app.main_page.navigate_to_settings()  # Navigates to the settings page\n    ^^^^^^^^^^^^^^^^^^^^^^^^^^^^^^^^^^^^^^^^^^^^\n  File \"C:\\Users\\dijae\\Downloads\\Internship-selenium-automation-main\\internship-selenium-automation-main\\pages\\main_page.py\", line 31, in navigate_to_settings\n    settings_button = self.find_element(*self.SETTINGS_OPTION)\n                      ^^^^^^^^^^^^^^^^^^^^^^^^^^^^^^^^^^^^^^^^\n  File \"C:\\Users\\dijae\\Downloads\\Internship-selenium-automation-main\\internship-selenium-automation-main\\pages\\base_page.py\", line 15, in find_element\n    return self.driver.find_element(*locator)\n           ^^^^^^^^^^^^^^^^^^^^^^^^^^^^^^^^^^\n  File \"C:\\Users\\dijae\\Downloads\\Internship-selenium-automation-main\\internship-selenium-automation-main\\venv\\Lib\\site-packages\\selenium\\webdriver\\remote\\webdriver.py\", line 770, in find_element\n    return self.execute(Command.FIND_ELEMENT, {\"using\": by, \"value\": value})[\"value\"]\n           ^^^^^^^^^^^^^^^^^^^^^^^^^^^^^^^^^^^^^^^^^^^^^^^^^^^^^^^^^^^^^^^^^\n  File \"C:\\Users\\dijae\\Downloads\\Internship-selenium-automation-main\\internship-selenium-automation-main\\venv\\Lib\\site-packages\\selenium\\webdriver\\remote\\webdriver.py\", line 384, in execute\n    self.error_handler.check_response(response)\n  File \"C:\\Users\\dijae\\Downloads\\Internship-selenium-automation-main\\internship-selenium-automation-main\\venv\\Lib\\site-packages\\selenium\\webdriver\\remote\\errorhandler.py\", line 232, in check_response\n    raise exception_class(message, screen, stacktrace)\n"}, "attachments": [{"name": "Failed Step: the user clicks on the settings option", "source": "f59ab30d-103d-4937-817b-fd045ceca4ae-attachment.png", "type": "image/png"}], "start": 1738553365141, "stop": 1738553373604}, {"name": "And the user clicks on the User Guide option", "status": "skipped", "start": 1738553381918, "stop": 1738553381918}, {"name": "Then the User Guide page opens with the title \"User guide\"", "status": "skipped", "start": 1738553381918, "stop": 1738553381918}, {"name": "And all lesson videos on the User Guide page contain titles", "status": "skipped", "start": 1738553381918, "stop": 1738553381918}], "attachments": [{"name": "Scenario Failure: User can open User Guide page", "source": "a062eb7c-6242-45ae-b864-44ff494ababa-attachment.png", "type": "image/png"}], "start": 1738553347962, "stop": 1738553381918, "uuid": "6add72dd-45a5-402b-b2a3-3e7674696238", "historyId": "381f2afd51179d13ec954729ab290d74", "fullName": "User Guide Page Navigation: User can open User Guide page", "labels": [{"name": "severity", "value": "normal"}, {"name": "feature", "value": "User Guide Page Navigation"}, {"name": "framework", "value": "behave"}, {"name": "language", "value": "cpython3"}]}